-------------------------------------------------------------------------------
Test set: TestSuite
-------------------------------------------------------------------------------
Tests run: 3, Failures: 1, Errors: 0, Skipped: 0, Time elapsed: 41.638 s <<< FAILURE! - in TestSuite
todaysDeal(runner.Testcase1)  Time elapsed: 10.526 s  <<< FAILURE!
java.lang.AssertionError: expected [Amazon.in - Today's Deals] but found [Amazon.in]
	at runner.Testcase1.todaysDeal(Testcase1.java:30)

