<?xml version="1.0" encoding="UTF-8"?>
<!-- Generated by org.testng.reporters.JUnitXMLReporter -->
<testsuite ignored="0" hostname="fdbccbae305339999ebdafdffbcdbbebone-0" failures="0" tests="3" name="Surefire test" time="33.318" errors="0" timestamp="2023-09-22T21:38:05 UTC">
  <testcase classname="runner.Testcase1" name="todaysDeal" time="3.377"/>
  <testcase classname="runner.Testcase2" name="SearchProduct" time="5.87"/>
  <testcase classname="runner.Testcase3" name="addtocart" time="16.108"/>
</testsuite> <!-- Surefire test -->
