<?xml version="1.0" encoding="UTF-8"?>
<!-- Generated by org.testng.reporters.JUnitXMLReporter -->
<testsuite ignored="0" hostname="fdbccbae305339999ebdafdffbcdbbebone-0" failures="1" tests="3" name="Surefire test" time="40.755" errors="0" timestamp="2023-09-22T21:33:11 UTC">
  <testcase classname="runner.Testcase1" name="todaysDeal" time="10.519">
    <failure type="java.lang.AssertionError" message="expected [Amazon.in - Today&amp;apos;s Deals] but found [Amazon.in]">
      <![CDATA[java.lang.AssertionError: expected [Amazon.in - Today's Deals] but found [Amazon.in]
at runner.Testcase1.todaysDeal(Testcase1.java:30)
at java.base/java.util.ArrayList.forEach(ArrayList.java:1541)
... Removed 38 stack frames]]>
    </failure>
  </testcase> <!-- todaysDeal -->
  <testcase classname="runner.Testcase2" name="SearchProduct" time="6.511"/>
  <testcase classname="runner.Testcase3" name="addtocart" time="15.999"/>
</testsuite> <!-- Surefire test -->
